2023-03-07 18:47:46,450 - root - INFO - **********Test_001_Login**********
2023-03-07 18:47:46,455 - root - INFO - **********Verifying Home Page Title**********
2023-03-07 18:47:52,599 - root - INFO - **********Home Page Title Test Passed**********
2023-03-07 18:47:56,363 - root - INFO - **********Verifying Login Test**********
2023-03-07 18:48:09,164 - root - INFO - **********Login Test Passed**********
2023-03-08 09:36:47,292 - root - INFO - **********Test_001_Login**********
2023-03-08 09:36:47,293 - root - INFO - **********Verifying Home Page Title**********
2023-03-08 09:36:50,984 - root - INFO - **********Home Page Title Test Passed**********
2023-03-08 09:36:51,063 - root - INFO - **********Verifying Login Test**********
2023-03-08 09:37:54,108 - root - INFO - **********Test_001_Login**********
2023-03-08 09:37:54,109 - root - INFO - **********Verifying Home Page Title**********
2023-03-08 09:38:00,442 - root - INFO - **********Home Page Title Test Passed**********
2023-03-08 09:38:00,450 - root - INFO - **********Verifying Login Test**********
2023-03-08 09:39:45,385 - root - INFO - **********Test_001_Login**********
2023-03-08 09:39:45,386 - root - INFO - **********Verifying Home Page Title**********
2023-03-08 09:39:50,876 - root - INFO - **********Home Page Title Test Passed**********
2023-03-08 09:39:53,519 - root - INFO - **********Verifying Login Test**********
2023-03-08 09:40:05,788 - root - INFO - **********Login Test Passed**********
2023-03-08 09:42:12,270 - root - INFO - **********Test_001_Login**********
2023-03-08 09:42:12,312 - root - INFO - **********Verifying Home Page Title**********
2023-03-08 09:42:18,148 - root - INFO - **********Home Page Title Test Passed**********
2023-03-08 09:42:20,925 - root - INFO - **********Verifying Login Test**********
2023-03-08 09:42:31,770 - root - INFO - **********Login Test Passed**********
2023-03-08 09:47:54,747 - root - INFO - **********Test_001_Login**********
2023-03-08 09:47:54,832 - root - INFO - **********Verifying Home Page Title**********
2023-03-08 09:48:01,213 - root - INFO - **********Home Page Title Test Passed**********
2023-03-08 09:48:05,154 - root - INFO - **********Verifying Login Test**********
2023-03-08 09:48:17,358 - root - INFO - **********Login Test Passed**********
2023-03-08 09:49:29,903 - root - INFO - **********Test_001_Login**********
2023-03-08 09:49:29,905 - root - INFO - **********Verifying Home Page Title**********
2023-03-08 09:49:40,317 - root - INFO - **********Home Page Title Test Passed**********
2023-03-08 09:50:06,528 - root - INFO - **********Verifying Login Test**********
2023-03-08 09:50:20,580 - root - INFO - **********Login Test Passed**********
2023-03-08 09:52:36,827 - root - INFO - **********Test_001_Login**********
2023-03-08 09:52:36,828 - root - INFO - **********Verifying Home Page Title**********
2023-03-08 09:52:41,977 - root - INFO - **********Home Page Title Test Passed**********
2023-03-08 09:52:44,119 - root - INFO - **********Verifying Login Test**********
2023-03-08 09:52:56,260 - root - INFO - **********Login Test Passed**********
2023-03-08 09:54:04,016 - root - INFO - **********Test_001_Login**********
2023-03-08 09:54:04,017 - root - INFO - **********Verifying Home Page Title**********
2023-03-08 09:58:54,733 - root - INFO - **********Test_001_Login**********
2023-03-08 09:58:54,735 - root - INFO - **********Verifying Home Page Title**********
2023-03-08 09:59:01,675 - root - INFO - **********Home Page Title Test Passed**********
2023-03-08 09:59:04,964 - root - INFO - **********Verifying Login Test**********
2023-03-08 09:59:19,791 - root - INFO - **********Login Test Passed**********
2023-03-08 10:06:04,532 - root - INFO - **********Test_001_Login**********
2023-03-08 10:06:04,533 - root - INFO - **********Verifying Home Page Title**********
2023-03-08 10:06:12,604 - root - INFO - **********Home Page Title Test Passed**********
2023-03-08 10:06:15,839 - root - INFO - **********Verifying Login Test**********
2023-03-08 10:06:28,563 - root - INFO - **********Login Test Passed**********
2023-03-08 10:10:20,279 - root - INFO - **********Test_001_Login**********
2023-03-08 10:10:20,467 - root - INFO - **********Verifying Home Page Title**********
2023-03-08 10:10:26,741 - root - INFO - **********Home Page Title Test Passed**********
2023-03-08 10:10:29,547 - root - INFO - **********Verifying Login Test**********
2023-03-08 10:10:41,128 - root - INFO - **********Login Test Passed**********
2023-03-08 10:17:37,800 - WDM - INFO - ====== WebDriver manager ======
2023-03-08 10:18:00,036 - WDM - INFO - Get LATEST edgedriver version for 110.0.1587 Edge
2023-03-08 10:18:02,873 - WDM - INFO - There is no [win64] edgedriver for browser 110.0.1587 in cache
2023-03-08 10:18:02,873 - WDM - INFO - About to download new driver from https://msedgedriver.azureedge.net/110.0.1587.63/edgedriver_win64.zip
2023-03-08 10:18:11,827 - WDM - INFO - Driver has been saved in cache [C:\Users\raksh\.wdm\drivers\edgedriver\win64\110.0.1587]
2023-03-08 10:18:17,266 - root - INFO - **********Test_001_Login**********
2023-03-08 10:18:17,267 - root - INFO - **********Verifying Home Page Title**********
2023-03-08 10:18:25,250 - root - INFO - **********Home Page Title Test Passed**********
2023-03-08 10:18:25,258 - WDM - INFO - ====== WebDriver manager ======
2023-03-08 10:18:28,785 - WDM - INFO - Get LATEST edgedriver version for 110.0.1587 Edge
2023-03-08 10:18:31,561 - WDM - INFO - Driver [C:\Users\raksh\.wdm\drivers\edgedriver\win64\110.0.1587\msedgedriver.exe] found in cache
2023-03-08 10:18:37,826 - root - INFO - **********Verifying Login Test**********
2023-03-08 10:18:52,864 - root - INFO - **********Login Test Passed**********
2023-03-08 10:25:54,005 - WDM - INFO - ====== WebDriver manager ======
2023-03-08 10:25:57,141 - WDM - INFO - Get LATEST edgedriver version for 110.0.1587 Edge
2023-03-08 10:25:59,933 - WDM - INFO - Driver [C:\Users\raksh\.wdm\drivers\edgedriver\win64\110.0.1587\msedgedriver.exe] found in cache
2023-03-08 10:26:03,578 - root - INFO - **********Test_001_Login**********
2023-03-08 10:26:03,578 - root - INFO - **********Verifying Home Page Title**********
2023-03-08 10:26:11,144 - root - INFO - **********Home Page Title Test Passed**********
2023-03-08 10:26:11,151 - WDM - INFO - ====== WebDriver manager ======
2023-03-08 10:26:13,778 - WDM - INFO - Get LATEST edgedriver version for 110.0.1587 Edge
2023-03-08 10:26:16,458 - WDM - INFO - Driver [C:\Users\raksh\.wdm\drivers\edgedriver\win64\110.0.1587\msedgedriver.exe] found in cache
2023-03-08 10:26:24,104 - root - INFO - **********Verifying Login Test**********
2023-03-08 10:26:35,166 - root - INFO - **********Login Test Passed**********
2023-03-08 10:26:51,968 - root - INFO - **********Test_001_Login**********
2023-03-08 10:26:51,968 - root - INFO - **********Verifying Home Page Title**********
2023-03-08 10:26:57,945 - root - INFO - **********Home Page Title Test Passed**********
2023-03-08 10:27:00,900 - root - INFO - **********Verifying Login Test**********
2023-03-08 10:27:14,137 - root - INFO - **********Login Test Passed**********
2023-03-08 10:29:25,825 - root - INFO - **********Verifying Login Test**********
2023-03-08 10:29:29,196 - root - INFO - **********Test_001_Login**********
2023-03-08 10:29:29,198 - root - INFO - **********Verifying Home Page Title**********
2023-03-08 10:29:41,918 - root - INFO - **********Home Page Title Test Passed**********
2023-03-08 10:29:47,548 - root - INFO - **********Login Test Passed**********
2023-03-08 10:34:33,797 - root - INFO - **********Test_001_Login**********
2023-03-08 10:34:33,799 - root - INFO - **********Verifying Home Page Title**********
2023-03-08 10:34:38,507 - root - INFO - **********Home Page Title Test Passed**********
2023-03-08 10:34:40,821 - root - INFO - **********Verifying Login Test**********
2023-03-08 10:34:52,382 - root - INFO - **********Login Test Passed**********
2023-03-08 10:37:20,555 - root - INFO - **********Verifying Login Test**********
2023-03-08 10:37:21,819 - root - INFO - **********Test_001_Login**********
2023-03-08 10:37:21,820 - root - INFO - **********Verifying Home Page Title**********
2023-03-08 10:37:28,367 - root - INFO - **********Home Page Title Test Passed**********
2023-03-08 10:37:37,399 - root - INFO - **********Login Test Passed**********
2023-03-08 10:49:08,464 - root - INFO - **********Verifying Login Test**********
2023-03-08 10:49:08,772 - root - INFO - **********Test_001_Login**********
2023-03-08 10:49:08,773 - root - INFO - **********Verifying Home Page Title**********
2023-03-08 10:49:16,154 - root - INFO - **********Home Page Title Test Passed**********
2023-03-08 10:49:27,593 - root - INFO - **********Login Test Passed**********
2023-03-08 10:50:26,453 - root - INFO - **********Test_001_Login**********
2023-03-08 10:50:26,454 - root - INFO - **********Verifying Home Page Title**********
2023-03-08 10:50:28,209 - root - INFO - **********Verifying Login Test**********
2023-03-08 10:50:32,612 - root - INFO - **********Home Page Title Test Passed**********
2023-03-08 10:50:43,618 - root - INFO - **********Login Test Passed**********
2023-03-08 10:53:06,111 - root - INFO - **********Verifying Login Test**********
2023-03-08 10:53:06,968 - root - INFO - **********Test_001_Login**********
2023-03-08 10:53:06,969 - root - INFO - **********Verifying Home Page Title**********
2023-03-08 10:53:27,486 - root - INFO - **********Home Page Title Test Passed**********
2023-03-08 10:53:27,596 - root - INFO - **********Login Test Passed**********
2023-03-08 20:16:49,851 - root - INFO - **********Test_007_DDT_Login*********
2023-03-08 20:16:49,887 - root - INFO - **********Verifying Login Test**********
2023-03-08 20:17:09,086 - root - INFO - ****Passed****
2023-03-08 20:18:32,223 - root - INFO - **********Test_007_DDT_Login*********
2023-03-08 20:18:32,392 - root - INFO - **********Verifying Login Test**********
2023-03-08 20:18:51,474 - root - INFO - ****Passed****
2023-03-08 20:20:47,499 - WDM - INFO - ====== WebDriver manager ======
2023-03-08 20:21:09,772 - WDM - INFO - Get LATEST edgedriver version for 110.0.1587 Edge
2023-03-08 20:21:13,091 - WDM - INFO - Driver [C:\Users\raksh\.wdm\drivers\edgedriver\win64\110.0.1587\msedgedriver.exe] found in cache
2023-03-08 20:21:25,410 - root - INFO - **********Test_007_DDT_Login*********
2023-03-08 20:21:25,411 - root - INFO - **********Verifying Login Test**********
2023-03-08 20:21:49,188 - root - INFO - ****Passed****
2023-03-08 20:27:26,374 - root - INFO - ******* Starting Test_007_DDT_Login Test **********
2023-03-08 20:27:26,375 - root - INFO - ******* Starting Login DDT Test **********
2023-03-08 20:27:45,346 - root - INFO - **** passed ****
2023-03-08 20:33:03,797 - root - INFO - **********Test_007_DDT_Login*********
2023-03-08 20:33:03,881 - root - INFO - **********Verifying Login Test**********
2023-03-08 20:33:21,056 - root - INFO - ****Passed****
2023-03-08 21:43:06,263 - root - INFO - **********Test_007_DDT_Login*********
2023-03-08 21:43:06,354 - root - INFO - **********Verifying Login Test**********
2023-03-08 21:43:34,817 - root - INFO - ****Passed****
2023-03-08 23:53:04,374 - root - INFO - **********Test_007_DDT_Login*********
2023-03-08 23:53:04,445 - root - INFO - **********Verifying Login Test**********
2023-03-08 23:53:23,522 - root - INFO - ****Passed****
2023-03-08 23:55:01,130 - root - INFO - **********Test_007_DDT_Login*********
2023-03-08 23:55:01,133 - root - INFO - **********Verifying Login Test**********
2023-03-08 23:55:21,844 - root - INFO - ****Passed****
2023-03-08 23:56:49,218 - root - INFO - **********Test_007_DDT_Login*********
2023-03-08 23:56:49,238 - root - INFO - **********Verifying Login Test**********
2023-03-08 23:57:06,578 - root - INFO - ****Passed****
2023-03-08 23:59:07,565 - root - INFO - **********Test_007_DDT_Login*********
2023-03-08 23:59:07,608 - root - INFO - **********Verifying Login Test**********
2023-03-08 23:59:26,942 - root - INFO - ****Passed****
2023-03-09 00:12:27,842 - root - INFO - **********Test_007_DDT_Login*********
2023-03-09 00:12:27,843 - root - INFO - **********Verifying Login Test**********
2023-03-09 00:12:53,471 - root - INFO - ****Passed****
2023-03-09 00:13:02,167 - root - INFO - ****Passed****
2023-03-09 00:13:08,791 - root - INFO - ****Passed****
2023-03-09 00:13:15,373 - root - INFO - ****Passed****
2023-03-09 00:13:15,373 - root - INFO - *****Login DDT Test Passed*****
2023-03-09 00:13:18,772 - root - INFO - *****End of Login DDT Test*****
2023-03-09 00:13:18,787 - root - INFO - **********Completed Testcase_007**********
2023-03-09 00:14:04,184 - root - INFO - **********Test_007_DDT_Login*********
2023-03-09 00:14:04,184 - root - INFO - **********Verifying Login Test**********
2023-03-09 00:14:23,805 - root - INFO - ****Passed****
2023-03-09 00:14:32,340 - root - INFO - ****Passed****
2023-03-09 00:14:38,796 - root - INFO - ****Passed****
2023-03-09 00:14:46,100 - root - INFO - ****Passed****
2023-03-09 00:14:46,100 - root - INFO - *****Login DDT Test Passed*****
2023-03-09 00:14:46,592 - root - INFO - *****End of Login DDT Test*****
2023-03-09 00:14:46,592 - root - INFO - **********Completed Testcase_007**********
2023-03-09 00:15:11,734 - root - INFO - **********Test_007_DDT_Login*********
2023-03-09 00:15:11,736 - root - INFO - **********Verifying Login Test**********
2023-03-09 00:15:32,388 - root - INFO - ****Passed****
2023-03-09 00:15:40,911 - root - INFO - ****Passed****
2023-03-09 00:15:47,377 - root - INFO - ****Passed****
2023-03-09 00:15:53,908 - root - INFO - ****Passed****
2023-03-09 00:15:53,919 - root - INFO - *****Login DDT Test Passed*****
2023-03-09 00:15:55,498 - root - INFO - *****End of Login DDT Test*****
2023-03-09 00:15:55,498 - root - INFO - **********Completed Testcase_007**********
2023-03-09 00:51:57,980 - root - INFO - **********Test_007_DDT_Login*********
2023-03-09 00:51:58,212 - root - INFO - **********Verifying Login Test**********
2023-03-09 00:52:27,197 - root - INFO - ****Passed****
2023-03-09 00:52:35,554 - root - INFO - ****Passed****
2023-03-09 00:52:41,847 - root - INFO - ****Passed****
2023-03-09 00:52:48,434 - root - INFO - ****Passed****
2023-03-09 00:52:48,434 - root - INFO - *****Login DDT Test Passed*****
2023-03-09 00:52:48,981 - root - INFO - *****End of Login DDT Test*****
2023-03-09 00:52:48,981 - root - INFO - **********Completed Testcase_007**********
2023-03-09 01:01:37,699 - root - INFO - **********Test_007_DDT_Login*********
2023-03-09 01:01:37,780 - root - INFO - **********Verifying Login Test**********
2023-03-09 01:01:57,316 - root - INFO - ****Passed****
2023-03-09 01:02:06,731 - root - INFO - ****Passed****
2023-03-09 01:02:13,359 - root - INFO - ****Passed****
2023-03-09 01:02:20,182 - root - INFO - ****Passed****
2023-03-09 01:02:20,183 - root - INFO - *****Login DDT Test Passed*****
2023-03-09 01:02:22,216 - root - INFO - *****End of Login DDT Test*****
2023-03-09 01:02:22,217 - root - INFO - **********Completed Testcase_007**********
2023-03-09 01:03:54,189 - root - INFO - **********Test_007_DDT_Login*********
2023-03-09 01:03:54,192 - root - INFO - **********Verifying Login Test**********
2023-03-09 01:04:09,886 - root - INFO - ****Passed****
2023-03-09 01:04:19,440 - root - INFO - ****Passed****
2023-03-09 01:04:26,640 - root - INFO - ****Passed****
2023-03-09 01:04:34,648 - root - INFO - ****Passed****
2023-03-09 01:04:34,649 - root - INFO - *****Login DDT Test Passed*****
2023-03-09 01:04:36,778 - root - INFO - *****End of Login DDT Test*****
2023-03-09 01:04:36,779 - root - INFO - **********Completed Testcase_007**********
2023-03-09 01:08:27,703 - root - INFO - **********Test_007_DDT_Login*********
2023-03-09 01:08:27,703 - root - INFO - **********Verifying Login Test**********
2023-03-09 01:08:45,561 - root - INFO - ****Passed****
2023-03-09 01:08:53,774 - root - INFO - ****Passed****
2023-03-09 01:09:00,199 - root - INFO - ****Passed****
2023-03-09 01:09:06,671 - root - INFO - ****Passed****
2023-03-09 01:09:06,671 - root - INFO - *****Login DDT Test Passed*****
2023-03-09 01:09:07,420 - root - INFO - *****End of Login DDT Test*****
2023-03-09 01:09:07,436 - root - INFO - **********Completed Testcase_007**********
2023-03-09 01:11:58,941 - root - INFO - **********Test_007_DDT_Login*********
2023-03-09 01:11:58,942 - root - INFO - **********Verifying Login Test**********
2023-03-09 01:12:19,095 - root - INFO - ****Passed****
2023-03-09 01:12:27,386 - root - INFO - ****Passed****
2023-03-09 01:12:33,982 - root - INFO - ****Passed****
2023-03-09 01:12:40,632 - root - INFO - ****Passed****
2023-03-09 01:12:40,633 - root - INFO - *****Login DDT Test Passed*****
2023-03-09 01:12:41,026 - root - INFO - *****End of Login DDT Test*****
2023-03-09 01:12:41,026 - root - INFO - **********Completed Testcase_007**********
2023-03-09 01:16:12,834 - root - INFO - **********Test_007_DDT_Login*********
2023-03-09 01:16:12,834 - root - INFO - **********Verifying Login Test**********
2023-03-09 01:16:28,483 - root - INFO - ****Passed****
2023-03-09 01:16:37,365 - root - INFO - ****Passed****
2023-03-09 01:16:43,634 - root - INFO - ****Passed****
2023-03-09 01:16:50,250 - root - INFO - ****Passed****
2023-03-09 01:16:50,250 - root - INFO - *****Login DDT Test Passed*****
2023-03-09 01:16:50,672 - root - INFO - *****End of Login DDT Test*****
2023-03-09 01:16:50,672 - root - INFO - **********Completed Testcase_007**********
2023-03-09 01:17:51,729 - root - INFO - **********Test_007_DDT_Login*********
2023-03-09 01:17:51,730 - root - INFO - **********Verifying Login Test**********
2023-03-09 01:18:08,171 - root - INFO - ****Passed****
2023-03-09 01:18:16,431 - root - INFO - ****Passed****
2023-03-09 01:18:22,748 - root - INFO - ****Passed****
2023-03-09 01:18:29,490 - root - INFO - ****Passed****
2023-03-09 01:18:29,490 - root - INFO - *****Login DDT Test Passed*****
2023-03-09 01:18:29,922 - root - INFO - *****End of Login DDT Test*****
2023-03-09 01:18:29,924 - root - INFO - **********Completed Testcase_007**********
2023-03-09 01:20:52,659 - root - INFO - **********Test_007_DDT_Login*********
2023-03-09 01:20:52,906 - root - INFO - **********Verifying Login Test**********
2023-03-09 01:21:09,325 - root - INFO - ****Passed****
2023-03-09 01:21:17,795 - root - INFO - ****Passed****
2023-03-09 01:21:24,124 - root - INFO - ****Passed****
2023-03-09 01:21:32,147 - root - INFO - ****Passed****
2023-03-09 01:21:32,148 - root - INFO - *****Login DDT Test Passed*****
2023-03-09 01:21:32,761 - root - INFO - *****End of Login DDT Test*****
2023-03-09 01:21:32,761 - root - INFO - **********Completed Testcase_007**********
2023-03-09 01:22:44,256 - root - INFO - **********Test_007_DDT_Login*********
2023-03-09 01:22:44,256 - root - INFO - **********Verifying Login Test**********
2023-03-09 01:23:00,644 - root - INFO - ****Passed****
2023-03-09 01:23:09,090 - root - INFO - ****Passed****
2023-03-09 01:23:15,464 - root - INFO - ****Passed****
2023-03-09 01:23:22,293 - root - INFO - ****Passed****
2023-03-09 01:23:22,293 - root - INFO - *****Login DDT Test Passed*****
2023-03-09 01:23:22,926 - root - INFO - *****End of Login DDT Test*****
2023-03-09 01:23:22,926 - root - INFO - **********Completed Testcase_007**********
2023-03-09 01:48:19,972 - root - INFO - **********Test_007_DDT_Login*********
2023-03-09 01:48:20,017 - root - INFO - **********Verifying Login Test**********
2023-03-09 01:48:36,039 - root - INFO - ****Passed****
2023-03-09 01:48:44,603 - root - INFO - ****Passed****
2023-03-09 01:48:50,933 - root - INFO - ****Passed****
2023-03-09 01:48:58,614 - root - INFO - ****Passed****
2023-03-09 01:48:58,614 - root - INFO - *****Login DDT Test Passed*****
2023-03-09 01:48:59,420 - root - INFO - *****End of Login DDT Test*****
2023-03-09 01:48:59,420 - root - INFO - **********Completed Testcase_007**********
2023-03-09 01:56:41,053 - root - INFO - **********Test_007_DDT_Login*********
2023-03-09 01:56:41,084 - root - INFO - **********Verifying Login Test**********
2023-03-09 01:57:22,436 - root - INFO - ****Passed****
2023-03-09 01:57:31,757 - root - INFO - ****Passed****
2023-03-09 01:57:38,432 - root - INFO - ****Passed****
2023-03-09 01:57:45,639 - root - INFO - ****Passed****
2023-03-09 01:57:45,640 - root - INFO - *****Login DDT Test Passed*****
2023-03-09 01:57:46,498 - root - INFO - *****End of Login DDT Test*****
2023-03-09 01:57:46,498 - root - INFO - **********Completed Testcase_007**********
